<?xml version="1.0" encoding="UTF-8"?>
<testng-results skipped="0" failed="0" total="2" passed="2">
  <reporter-output>
  </reporter-output>
  <suite name="Keyword class" duration-ms="48" started-at="2016-10-10T08:51:15Z" finished-at="2016-10-10T08:51:15Z">
    <groups>
      <group name="Rollover">
        <method signature="Test_30.test_30()[pri:0, instance:com.nd.tests.Test_30@1d057a39]" name="test_30" class="com.nd.tests.Test_30"/>
        <method signature="Test_31.test_30()[pri:0, instance:com.nd.tests.Test_31@46d56d67]" name="test_30" class="com.nd.tests.Test_31"/>
      </group> <!-- Rollover -->
    </groups>
    <test name="Main" duration-ms="48" started-at="2016-10-10T08:51:15Z" finished-at="2016-10-10T08:51:15Z">
      <class name="com.nd.tests.Test_30">
        <test-method status="PASS" signature="setUpBase()[pri:0, instance:com.nd.tests.Test_30@1d057a39]" name="setUpBase" is-config="true" duration-ms="11" started-at="2016-10-10T14:21:15Z" finished-at="2016-10-10T14:21:15Z">
          <reporter-output>
          </reporter-output>
        </test-method> <!-- setUpBase -->
        <test-method status="PASS" signature="setUp()[pri:0, instance:com.nd.tests.Test_30@1d057a39]" name="setUp" is-config="true" duration-ms="1" started-at="2016-10-10T14:21:15Z" finished-at="2016-10-10T14:21:15Z">
          <reporter-output>
          </reporter-output>
        </test-method> <!-- setUp -->
        <test-method status="PASS" signature="testSetup()[pri:0, instance:com.nd.tests.Test_30@1d057a39]" name="testSetup" is-config="true" duration-ms="1" started-at="2016-10-10T14:21:15Z" finished-at="2016-10-10T14:21:15Z">
          <reporter-output>
          </reporter-output>
        </test-method> <!-- testSetup -->
        <test-method status="PASS" signature="test_30()[pri:0, instance:com.nd.tests.Test_30@1d057a39]" name="test_30" duration-ms="9" started-at="2016-10-10T14:21:15Z" finished-at="2016-10-10T14:21:15Z">
          <reporter-output>
          </reporter-output>
        </test-method> <!-- test_30 -->
        <test-method status="PASS" signature="testCleanup()[pri:0, instance:com.nd.tests.Test_30@1d057a39]" name="testCleanup" is-config="true" duration-ms="6" started-at="2016-10-10T14:21:15Z" finished-at="2016-10-10T14:21:15Z">
          <reporter-output>
          </reporter-output>
        </test-method> <!-- testCleanup -->
        <test-method status="PASS" signature="cleanUp()[pri:0, instance:com.nd.tests.Test_30@1d057a39]" name="cleanUp" is-config="true" duration-ms="0" started-at="2016-10-10T14:21:15Z" finished-at="2016-10-10T14:21:15Z">
          <reporter-output>
          </reporter-output>
        </test-method> <!-- cleanUp -->
        <test-method status="PASS" signature="cleanUpBase()[pri:0, instance:com.nd.tests.Test_30@1d057a39]" name="cleanUpBase" is-config="true" duration-ms="0" started-at="2016-10-10T14:21:15Z" finished-at="2016-10-10T14:21:15Z">
          <reporter-output>
          </reporter-output>
        </test-method> <!-- cleanUpBase -->
      </class> <!-- com.nd.tests.Test_30 -->
      <class name="com.nd.tests.Test_31">
        <test-method status="PASS" signature="setUp()[pri:0, instance:com.nd.tests.Test_31@46d56d67]" name="setUp" is-config="true" duration-ms="0" started-at="2016-10-10T14:21:15Z" finished-at="2016-10-10T14:21:15Z">
          <reporter-output>
          </reporter-output>
        </test-method> <!-- setUp -->
        <test-method status="PASS" signature="test_30()[pri:0, instance:com.nd.tests.Test_31@46d56d67]" name="test_30" duration-ms="2" started-at="2016-10-10T14:21:15Z" finished-at="2016-10-10T14:21:15Z">
          <reporter-output>
          </reporter-output>
        </test-method> <!-- test_30 -->
        <test-method status="PASS" signature="testSetup()[pri:0, instance:com.nd.tests.Test_31@46d56d67]" name="testSetup" is-config="true" duration-ms="0" started-at="2016-10-10T14:21:15Z" finished-at="2016-10-10T14:21:15Z">
          <reporter-output>
          </reporter-output>
        </test-method> <!-- testSetup -->
        <test-method status="PASS" signature="testCleanup()[pri:0, instance:com.nd.tests.Test_31@46d56d67]" name="testCleanup" is-config="true" duration-ms="1" started-at="2016-10-10T14:21:15Z" finished-at="2016-10-10T14:21:15Z">
          <reporter-output>
          </reporter-output>
        </test-method> <!-- testCleanup -->
        <test-method status="PASS" signature="cleanUp()[pri:0, instance:com.nd.tests.Test_31@46d56d67]" name="cleanUp" is-config="true" duration-ms="0" started-at="2016-10-10T14:21:15Z" finished-at="2016-10-10T14:21:15Z">
          <reporter-output>
          </reporter-output>
        </test-method> <!-- cleanUp -->
      </class> <!-- com.nd.tests.Test_31 -->
    </test> <!-- Main -->
  </suite> <!-- Keyword class -->
</testng-results>
